0 info it worked if it ends with ok
1 verbose cli [ '/usr/local/bin/node',
1 verbose cli   '/usr/local/bin/npm',
1 verbose cli   'install',
1 verbose cli   '--global',
1 verbose cli   'gulp' ]
2 info using npm@2.14.12
3 info using node@v4.2.6
4 verbose install initial load of /usr/local/lib/package.json
5 verbose readDependencies loading dependencies from /usr/local/lib/package.json
6 silly cache add args [ 'gulp', null ]
7 verbose cache add spec gulp
8 silly cache add parsed spec Result {
8 silly cache add   raw: 'gulp',
8 silly cache add   scope: null,
8 silly cache add   name: 'gulp',
8 silly cache add   rawSpec: '',
8 silly cache add   spec: 'latest',
8 silly cache add   type: 'tag' }
9 silly addNamed gulp@latest
10 verbose addNamed "latest" is being treated as a dist-tag for gulp
11 info addNameTag [ 'gulp', 'latest' ]
12 silly mapToRegistry name gulp
13 silly mapToRegistry using default registry
14 silly mapToRegistry registry https://registry.npmjs.org/
15 silly mapToRegistry uri https://registry.npmjs.org/gulp
16 verbose addNameTag registry:https://registry.npmjs.org/gulp not in flight; fetching
17 verbose request uri https://registry.npmjs.org/gulp
18 verbose request no auth needed
19 info attempt registry request try #1 at 4:30:57 PM
20 verbose request id bea1a9da040fdc9d
21 http request GET https://registry.npmjs.org/gulp
22 http 200 https://registry.npmjs.org/gulp
23 verbose headers { server: 'CouchDB/1.5.0 (Erlang OTP/R16B03)',
23 verbose headers   etag: '"6BD9AKZHQKSPWWZWMMZXXL7JK"',
23 verbose headers   'content-type': 'application/json',
23 verbose headers   'cache-control': 'max-age=300',
23 verbose headers   'content-length': '113470',
23 verbose headers   'accept-ranges': 'bytes',
23 verbose headers   date: 'Thu, 31 Mar 2016 20:30:57 GMT',
23 verbose headers   via: '1.1 varnish',
23 verbose headers   age: '181',
23 verbose headers   connection: 'keep-alive',
23 verbose headers   'x-served-by': 'cache-dfw1835-DFW',
23 verbose headers   'x-cache': 'HIT',
23 verbose headers   'x-cache-hits': '2',
23 verbose headers   'x-timer': 'S1459456257.652693,VS0,VE0',
23 verbose headers   vary: 'Accept' }
24 silly get cb [ 200,
24 silly get   { server: 'CouchDB/1.5.0 (Erlang OTP/R16B03)',
24 silly get     etag: '"6BD9AKZHQKSPWWZWMMZXXL7JK"',
24 silly get     'content-type': 'application/json',
24 silly get     'cache-control': 'max-age=300',
24 silly get     'content-length': '113470',
24 silly get     'accept-ranges': 'bytes',
24 silly get     date: 'Thu, 31 Mar 2016 20:30:57 GMT',
24 silly get     via: '1.1 varnish',
24 silly get     age: '181',
24 silly get     connection: 'keep-alive',
24 silly get     'x-served-by': 'cache-dfw1835-DFW',
24 silly get     'x-cache': 'HIT',
24 silly get     'x-cache-hits': '2',
24 silly get     'x-timer': 'S1459456257.652693,VS0,VE0',
24 silly get     vary: 'Accept' } ]
25 verbose get saving gulp to /Users/mgarland/.npm/registry.npmjs.org/gulp/.cache.json
26 silly addNameTag next cb for gulp with tag latest
27 silly addNamed gulp@3.9.1
28 verbose addNamed "3.9.1" is a plain semver version for gulp
29 silly mapToRegistry name gulp
30 silly mapToRegistry using default registry
31 silly mapToRegistry registry https://registry.npmjs.org/
32 silly mapToRegistry uri https://registry.npmjs.org/gulp
33 verbose addRemoteTarball https://registry.npmjs.org/gulp/-/gulp-3.9.1.tgz not in flight; adding
34 verbose addRemoteTarball [ 'https://registry.npmjs.org/gulp/-/gulp-3.9.1.tgz',
34 verbose addRemoteTarball   '571ce45928dd40af6514fc4011866016c13845b4' ]
35 info retry fetch attempt 1 at 4:30:58 PM
36 info attempt registry request try #1 at 4:30:58 PM
37 http fetch GET https://registry.npmjs.org/gulp/-/gulp-3.9.1.tgz
38 http fetch 200 https://registry.npmjs.org/gulp/-/gulp-3.9.1.tgz
39 silly fetchAndShaCheck shasum 571ce45928dd40af6514fc4011866016c13845b4
40 verbose addTmpTarball /var/folders/1r/7mp16dyn1w7bygxdzx8_lrg40000gn/T/npm-2375-1f95efa3/registry.npmjs.org/gulp/-/gulp-3.9.1.tgz not in flight; adding
41 verbose addTmpTarball already have metadata; skipping unpack for gulp@3.9.1
42 silly cache afterAdd gulp@3.9.1
43 verbose afterAdd /Users/mgarland/.npm/gulp/3.9.1/package/package.json not in flight; writing
44 verbose afterAdd /Users/mgarland/.npm/gulp/3.9.1/package/package.json written
45 silly install resolved [ { name: 'gulp',
45 silly install resolved     description: 'The streaming build system',
45 silly install resolved     version: '3.9.1',
45 silly install resolved     homepage: 'http://gulpjs.com',
45 silly install resolved     repository: { type: 'git', url: 'git+https://github.com/gulpjs/gulp.git' },
45 silly install resolved     author:
45 silly install resolved      { name: 'Fractal',
45 silly install resolved        email: 'contact@wearefractal.com',
45 silly install resolved        url: 'http://wearefractal.com/' },
45 silly install resolved     tags: [ 'build', 'stream', 'system', 'make', 'tool', 'asset', 'pipeline' ],
45 silly install resolved     files: [ 'index.js', 'lib', 'bin', 'completion', 'gulp.1' ],
45 silly install resolved     bin: { gulp: './bin/gulp.js' },
45 silly install resolved     man: [ 'gulp.1' ],
45 silly install resolved     dependencies:
45 silly install resolved      { archy: '^1.0.0',
45 silly install resolved        chalk: '^1.0.0',
45 silly install resolved        deprecated: '^0.0.1',
45 silly install resolved        'gulp-util': '^3.0.0',
45 silly install resolved        interpret: '^1.0.0',
45 silly install resolved        liftoff: '^2.1.0',
45 silly install resolved        minimist: '^1.1.0',
45 silly install resolved        orchestrator: '^0.3.0',
45 silly install resolved        'pretty-hrtime': '^1.0.0',
45 silly install resolved        semver: '^4.1.0',
45 silly install resolved        tildify: '^1.0.0',
45 silly install resolved        v8flags: '^2.0.2',
45 silly install resolved        'vinyl-fs': '^0.3.0' },
45 silly install resolved     devDependencies:
45 silly install resolved      { coveralls: '^2.7.0',
45 silly install resolved        eslint: '^1.7.3',
45 silly install resolved        'eslint-config-gulp': '^2.0.0',
45 silly install resolved        'graceful-fs': '^3.0.0',
45 silly install resolved        istanbul: '^0.3.0',
45 silly install resolved        jscs: '^2.3.5',
45 silly install resolved        'jscs-preset-gulp': '^1.0.0',
45 silly install resolved        'marked-man': '^0.1.3',
45 silly install resolved        mkdirp: '^0.5.0',
45 silly install resolved        mocha: '^2.0.1',
45 silly install resolved        'mocha-lcov-reporter': '^0.0.1',
45 silly install resolved        q: '^1.0.0',
45 silly install resolved        rimraf: '^2.2.5',
45 silly install resolved        should: '^5.0.1' },
45 silly install resolved     scripts:
45 silly install resolved      { prepublish: 'marked-man --name gulp docs/CLI.md > gulp.1',
45 silly install resolved        lint: 'eslint . && jscs *.js bin/ lib/ test/',
45 silly install resolved        pretest: 'npm run lint',
45 silly install resolved        test: 'mocha --reporter spec',
45 silly install resolved        coveralls: 'istanbul cover _mocha --report lcovonly -- -R spec && cat ./coverage/lcov.info | coveralls && rm -rf ./coverage' },
45 silly install resolved     engines: { node: '>= 0.9' },
45 silly install resolved     license: 'MIT',
45 silly install resolved     gitHead: '9c14e3a13a73a32e424f144d62566671b2fcdbed',
45 silly install resolved     bugs: { url: 'https://github.com/gulpjs/gulp/issues' },
45 silly install resolved     _id: 'gulp@3.9.1',
45 silly install resolved     _shasum: '571ce45928dd40af6514fc4011866016c13845b4',
45 silly install resolved     _from: 'gulp@latest',
45 silly install resolved     _npmVersion: '2.14.14',
45 silly install resolved     _nodeVersion: '0.10.41',
45 silly install resolved     _npmUser: { name: 'phated', email: 'blaine@iceddev.com' },
45 silly install resolved     maintainers: [ [Object], [Object] ],
45 silly install resolved     dist:
45 silly install resolved      { shasum: '571ce45928dd40af6514fc4011866016c13845b4',
45 silly install resolved        tarball: 'https://registry.npmjs.org/gulp/-/gulp-3.9.1.tgz' },
45 silly install resolved     _npmOperationalInternal:
45 silly install resolved      { host: 'packages-6-west.internal.npmjs.com',
45 silly install resolved        tmp: 'tmp/gulp-3.9.1.tgz_1454957415500_0.15343931876122952' },
45 silly install resolved     directories: {},
45 silly install resolved     _resolved: 'https://registry.npmjs.org/gulp/-/gulp-3.9.1.tgz' } ]
46 info install gulp@3.9.1 into /usr/local/lib
47 info installOne gulp@3.9.1
48 verbose installOne of gulp to /usr/local/lib not in flight; installing
49 verbose lock using /Users/mgarland/.npm/_locks/gulp-709d00e5d169ceb3.lock for /usr/local/lib/node_modules/gulp
50 silly install write writing gulp 3.9.1 to /usr/local/lib/node_modules/gulp
51 verbose unbuild lib/node_modules/gulp
52 silly gentlyRm /usr/local/lib/node_modules/gulp is being purged from base /usr/local
53 verbose gentlyRm don't care about contents; nuking /usr/local/lib/node_modules/gulp
54 verbose tar unpack /Users/mgarland/.npm/gulp/3.9.1/package.tgz
55 verbose tar unpacking to /usr/local/lib/node_modules/gulp
56 silly gentlyRm /usr/local/lib/node_modules/gulp is being purged
57 verbose gentlyRm don't care about contents; nuking /usr/local/lib/node_modules/gulp
58 silly gunzTarPerm modes [ '755', '644' ]
59 error tar.unpack untar error /Users/mgarland/.npm/gulp/3.9.1/package.tgz
60 verbose unlock done using /Users/mgarland/.npm/_locks/gulp-709d00e5d169ceb3.lock for /usr/local/lib/node_modules/gulp
61 verbose fstream_path /usr/local/lib/node_modules/gulp
62 verbose fstream_type Directory
63 verbose fstream_class DirWriter
64 verbose stack Error: EACCES: permission denied, mkdir '/usr/local/lib/node_modules/gulp'
64 verbose stack     at Error (native)
65 verbose fstream_stack /usr/local/lib/node_modules/npm/node_modules/fstream/lib/dir-writer.js:35:25
65 verbose fstream_stack /usr/local/lib/node_modules/npm/node_modules/mkdirp/index.js:47:53
65 verbose fstream_stack FSReqWrap.oncomplete (fs.js:82:15)
66 verbose cwd /Users/mgarland/Documents/iMedia/CAPSTONE/youChoose
67 error Darwin 15.4.0
68 error argv "/usr/local/bin/node" "/usr/local/bin/npm" "install" "--global" "gulp"
69 error node v4.2.6
70 error npm  v2.14.12
71 error path /usr/local/lib/node_modules/gulp
72 error code EACCES
73 error errno -13
74 error syscall mkdir
75 error Error: EACCES: permission denied, mkdir '/usr/local/lib/node_modules/gulp'
75 error     at Error (native)
75 error  { [Error: EACCES: permission denied, mkdir '/usr/local/lib/node_modules/gulp']
75 error   errno: -13,
75 error   code: 'EACCES',
75 error   syscall: 'mkdir',
75 error   path: '/usr/local/lib/node_modules/gulp',
75 error   fstream_type: 'Directory',
75 error   fstream_path: '/usr/local/lib/node_modules/gulp',
75 error   fstream_class: 'DirWriter',
75 error   fstream_stack:
75 error    [ '/usr/local/lib/node_modules/npm/node_modules/fstream/lib/dir-writer.js:35:25',
75 error      '/usr/local/lib/node_modules/npm/node_modules/mkdirp/index.js:47:53',
75 error      'FSReqWrap.oncomplete (fs.js:82:15)' ] }
76 error Please try running this command again as root/Administrator.
77 verbose exit [ -13, true ]
78 verbose unbuild lib/node_modules/gulp
79 silly gentlyRm /usr/local/lib/node_modules/gulp is being purged from base /usr/local
80 verbose gentlyRm don't care about contents; nuking /usr/local/lib/node_modules/gulp
